<?xml version="1.0" encoding="UTF-8"?>
<!-- Generated by org.testng.reporters.JUnitReportReporter -->
<testsuite hostname="DESKTOP-L607ME9" name="TestCases.LoginPageTest" tests="2" failures="0" timestamp="7 Nov 2020 05:22:44 GMT" time="6.377" errors="0">
  <testcase name="loginPage" time="4.532" classname="TestCases.LoginPageTest"/>
  <testcase name="loginPage" time="1.845" classname="TestCases.LoginPageTest"/>
</testsuite> <!-- TestCases.LoginPageTest -->
