<?xml version="1.0" encoding="UTF-8"?>
<!-- Generated by org.testng.reporters.JUnitReportReporter -->
<testsuite hostname="DESKTOP-L607ME9" name="TestCases.ValidateNavigationBarTest" tests="1" failures="0" timestamp="7 Nov 2020 05:22:44 GMT" time="4.528" errors="0">
  <testcase name="ValidateNavigationBar" time="4.528" classname="TestCases.ValidateNavigationBarTest"/>
</testsuite> <!-- TestCases.ValidateNavigationBarTest -->
