<?xml version="1.0" encoding="UTF-8"?>
<!-- Generated by org.testng.reporters.JUnitReportReporter -->
<testsuite hostname="DESKTOP-L607ME9" name="TestCases.ValidateNavigationBarTest" tests="1" failures="0" timestamp="8 Nov 2020 04:26:00 GMT" time="4.732" errors="0">
  <testcase name="ValidateNavigationBar" time="4.732" classname="TestCases.ValidateNavigationBarTest"/>
</testsuite> <!-- TestCases.ValidateNavigationBarTest -->
